<?xml version="1.0" encoding="UTF-8" ?>
<testsuite errors="0" failures="0" hostname="YUAN-PC" name="medrecappx.Service.B_SpesialisGuiServiceTest" skipped="0" tests="5" time="46.533" timestamp="2014-02-13T10:25:47">
  <properties>
[...]
</properties>
  <testcase classname="medrecappx.Service.B_SpesialisGuiServiceTest" name="a_insertDataSpesialisKosong" time="5.803" />
  <testcase classname="medrecappx.Service.B_SpesialisGuiServiceTest" name="b_insertDataSpesialis" time="16.1" />
  <testcase classname="medrecappx.Service.B_SpesialisGuiServiceTest" name="c_updateDataSpesialisKosong" time="7.712" />
  <testcase classname="medrecappx.Service.B_SpesialisGuiServiceTest" name="d_updateDataSpesialis" time="5.367" />
  <testcase classname="medrecappx.Service.B_SpesialisGuiServiceTest" name="e_deleteDataSpesialis" time="4.339" />
  <system-out><![CDATA[1. InsertDataSpesialisKosong
2. InsertDataSpesialis
3. UpdateDataSpesialisKosong
4. UpdateDataSpesialis
5. DeleteDataSpesialis
]]></system-out>
  <system-err><![CDATA[]]></system-err>
</testsuite>
