<?xml version="1.0" encoding="UTF-8" ?>
<testsuite errors="0" failures="0" hostname="asus-PC" name="medrecappx.Service.G_ObatServiceTest" skipped="0" tests="4" time="0.309" timestamp="2014-02-14T19:47:06">
  <properties>
[...]
</properties>
  <testcase classname="medrecappx.Service.G_ObatServiceTest" name="a_insertObat" time="0.22" />
  <testcase classname="medrecappx.Service.G_ObatServiceTest" name="b_updateObat" time="0.003" />
  <testcase classname="medrecappx.Service.G_ObatServiceTest" name="c_deleteObat" time="0.002" />
  <testcase classname="medrecappx.Service.G_ObatServiceTest" name="d_getAllDokter" time="0.0" />
  <system-out><![CDATA[1. serviceInsertObat
2. serviceUpdateObat
3. serviceDeleteObat
4. serviceGetAllDokter
]]></system-out>
  <system-err><![CDATA[]]></system-err>
</testsuite>
